<?xml version="1.0" encoding="UTF-8"?>
<!-- Generated by org.testng.reporters.JUnitReportReporter -->
<testsuite hostname="ajsingh-T450" name="com.test.homepage_navigation" tests="1" failures="0" timestamp="15 Jul 2016 12:32:39 GMT" time="12.507" errors="0">
  <testcase name="homepage_navigation" time="12.507" classname="com.test.homepage_navigation"/>
</testsuite> <!-- com.test.homepage_navigation -->
