<?xml version="1.0" encoding="UTF-8"?>
<!-- Generated by org.testng.reporters.JUnitReportReporter -->
<testsuite hostname="ajsingh-T450" name="com.test.Validate_selectionOfoptions" tests="1" failures="0" timestamp="15 Jul 2016 12:32:39 GMT" time="15.629" errors="0">
  <testcase name="Validate_selectionOfoptions" time="15.629" classname="com.test.Validate_selectionOfoptions"/>
</testsuite> <!-- com.test.Validate_selectionOfoptions -->
